{"level":"info","message":"GET / 200 1748 - 14.118 ms"}
{"level":"info","message":"GET /favicon.ico 404 150 - 5.898 ms"}
{"level":"info","message":"GET / 200 870 - 14.567 ms"}
{"level":"info","message":"GET /pbf_tile/ne-test/1/1/1.pbf 200 43728 - 3.898 ms"}
{"level":"info","message":"GET /maps/map-mapbox.html 200 993 - 2.982 ms"}
{"level":"info","message":"GET /javascript/mapbox_1_10/mapbox-gl_r.css 200 34825 - 5.801 ms"}
{"level":"info","message":"GET /javascript/mapbox_1_10/mapbox-gl.js 200 745112 - 5.286 ms"}
{"level":"info","message":"GET /maps/style.json 200 1657 - 2.170 ms"}
{"level":"info","message":"GET /sprite/sprite@2x.png 200 10073 - 3.852 ms"}
{"level":"info","message":"GET /sprite/sprite@2x.json 200 6148 - 8.039 ms"}
{"level":"info","message":"GET /maps/map-mapbox.html 304 - - 6.564 ms"}
{"level":"info","message":"GET /javascript/mapbox_1_10/mapbox-gl.js 304 - - 5.474 ms"}
{"level":"info","message":"GET /javascript/mapbox_1_10/mapbox-gl_r.css 304 - - 7.131 ms"}
{"level":"info","message":"GET /maps/style.json 200 1648 - 1.910 ms"}
{"level":"info","message":"GET /sprite/sprite@2x.json 304 - - 5.025 ms"}
{"level":"info","message":"GET /sprite/sprite@2x.png 304 - - 7.737 ms"}
{"level":"info","message":"GET /pbf_tile/ne-test/2/0/1.pbf 200 13778 - 2.693 ms"}
{"level":"info","message":"GET /pbf_tile/ne-test/2/2/2.pbf 200 25664 - 3.225 ms"}
{"level":"info","message":"GET /pbf_tile/ne-test/2/1/1.pbf 200 53665 - 7.551 ms"}
{"level":"info","message":"GET /pbf_tile/ne-test/2/0/2.pbf 200 3947 - 6.588 ms"}
{"level":"info","message":"GET /pbf_tile/ne-test/2/1/2.pbf 200 14194 - 7.642 ms"}
{"level":"info","message":"GET /pbf_tile/ne-test/2/3/2.pbf 200 16758 - 7.094 ms"}
{"level":"info","message":"GET /pbf_tile/ne-test/2/2/1.pbf 200 98626 - 6.380 ms"}
{"level":"info","message":"GET /pbf_tile/ne-test/2/3/1.pbf 200 31615 - 12.350 ms"}
{"level":"info","message":"GET /font/sans/0-255.pbf 200 76580 - 2.882 ms"}
{"level":"info","message":"GET /font/sans/256-511.pbf 200 127219 - 1.251 ms"}
{"level":"info","message":"GET /font/sans/512-767.pbf 200 95728 - 0.920 ms"}
